<?xml version="1.0" encoding="UTF-8"?>
<!-- Generated by org.testng.reporters.JUnitReportReporter -->
<testsuite hostname="Surajs-MacBook-Air.local" failures="0" tests="1" name="testNg.Testcase2" time="26.390" errors="0" timestamp="2022-05-19T15:36:58 IST" skipped="0">
  <testcase classname="testNg.Testcase2" name="tc2" time="26.390"/>
  <system-out>
    <![CDATA[Amazon.in : laptop
https://www.amazon.in/s?k=laptop&ref=nb_sb_noss]]>
  </system-out>
</testsuite> <!-- testNg.Testcase2 -->
