<?xml version="1.0" encoding="UTF-8"?>
<!-- Generated by org.testng.reporters.JUnitReportReporter -->
<testsuite hostname="Surajs-MacBook-Air.local" failures="0" tests="6" name="testNg.Test1" time="0.014" errors="0" timestamp="2022-05-19T01:49:34 IST" skipped="1">
  <testcase classname="testNg.Test1" name="outbox" time="0.003"/>
  <system-out>
    <![CDATA[outbox]]>
  </system-out>
  <testcase classname="testNg.Test1" name="outbox" time="0.001"/>
  <system-out>
    <![CDATA[outbox]]>
  </system-out>
  <testcase classname="testNg.Test1" name="outbox" time="0.003"/>
  <system-out>
    <![CDATA[outbox]]>
  </system-out>
  <testcase classname="testNg.Test1" name="inbox" time="0.006"/>
  <system-out>
    <![CDATA[inbox]]>
  </system-out>
  <testcase classname="testNg.Test1" name="outbox" time="0.001"/>
  <system-out>
    <![CDATA[outbox]]>
  </system-out>
  <testcase classname="testNg.Test1" name="sent">
    <skipped/>
  </testcase> <!-- sent -->
  <system-out/>
</testsuite> <!-- testNg.Test1 -->
