<?xml version="1.0" encoding="UTF-8"?>
<!-- Generated by org.testng.reporters.JUnitReportReporter -->
<testsuite hostname="Surajs-MacBook-Air.local" failures="0" tests="1" name="testNg.Testcase1" time="16.784" errors="0" timestamp="2022-05-19T15:36:58 IST" skipped="0">
  <testcase classname="testNg.Testcase1" name="Tc1" time="16.784"/>
  <system-out>
    <![CDATA[Amazon Sign In
https://www.amazon.in/ap/signin]]>
  </system-out>
</testsuite> <!-- testNg.Testcase1 -->
