<?xml version="1.0" encoding="UTF-8"?>
<!-- Generated by org.testng.reporters.JUnitReportReporter -->
<testsuite hostname="Surajs-MacBook-Air.local" failures="0" tests="1" name="testNg.Test0" time="0.010" errors="0" timestamp="2022-05-19T01:25:38 IST" skipped="0">
  <testcase classname="testNg.Test0" name="tc1" time="0.010"/>
  <system-out>
    <![CDATA[hello java
hello selenium]]>
  </system-out>
</testsuite> <!-- testNg.Test0 -->
