<?xml version="1.0" encoding="UTF-8"?>
<!-- Generated by org.testng.reporters.JUnitReportReporter -->
<testsuite hostname="Surajs-MacBook-Air.local" failures="0" tests="1" name="testNg.Testcase3" time="14.568" errors="0" timestamp="2022-05-19T15:36:58 IST" skipped="0">
  <testcase classname="testNg.Testcase3" name="tc3" time="14.568"/>
  <system-out>
    <![CDATA[Amazon Sign In
https://www.amazon.in/ap/signin?_encoding=UTF8&accountStatusPolicy=P1&openid.assoc_handle=inamazon&openid.claimed_id=http%3A%2F%2Fspecs.openid.net%2Fauth%2F2.0%2Fidentifier_select&openid.identity=http%3A%2F%2Fspecs.openid.net%2Fauth%2F2.0%2Fidentifier_select&openid.mode=checkid_setup&openid.ns=http%3A%2F%2Fspecs.openid.net%2Fauth%2F2.0&openid.ns.pape=http%3A%2F%2Fspecs.openid.net%2Fextensions%2Fpape%2F1.0&openid.pape.max_auth_age=0&openid.return_to=https%3A%2F%2Fwww.amazon.in%2Fgp%2Fcss%2Forder-history%3Fie%3DUTF8%26ref_%3Dnav_AccountFlyout_orders&pageId=webcs-yourorder&showRmrMe=1]]>
  </system-out>
</testsuite> <!-- testNg.Testcase3 -->
